# JRE version: Java(TM) SE Runtime Environment (8.0_121-b13) (build 1.8.0_121-b13)
# Java VM: Java HotSpot(TM) 64-Bit Server VM (25.121-b13 mixed mode linux-amd64 compressed oops)
Heap:
 PSYoungGen      total 219136K, used 28592K [0x00000000eab00000, 0x0000000100000000, 0x0000000100000000)
  eden space 162816K, 0% used [0x00000000eab00000,0x00000000eab00000,0x00000000f4a00000)
  from space 56320K, 50% used [0x00000000fc900000,0x00000000fe4ec230,0x0000000100000000)
  to   space 93184K, 0% used [0x00000000f4a00000,0x00000000f4a00000,0x00000000fa500000)
 ParOldGen       total 164352K, used 164249K [0x00000000c0000000, 0x00000000ca080000, 0x00000000eab00000)
  object space 164352K, 99% used [0x00000000c0000000,0x00000000ca066788,0x00000000ca080000)
 Metaspace       used 6541K, capacity 7320K, committed 7680K, reserved 1056768K
  class space    used 624K, capacity 656K, committed 768K, reserved 1048576K
GC Heap History (10 events):
Event: 3.588 GC heap after
Heap after GC invocations=7 (full 0):
 PSYoungGen      total 279552K, used 28645K [0x00000000eab00000, 0x0000000100000000, 0x0000000100000000)
  eden space 250880K, 0% used [0x00000000eab00000,0x00000000eab00000,0x00000000fa000000)
  from space 28672K, 99% used [0x00000000fa000000,0x00000000fbbf9708,0x00000000fbc00000)
  to   space 48640K, 0% used [0x00000000fd080000,0x00000000fd080000,0x0000000100000000)
 ParOldGen       total 84992K, used 72191K [0x00000000c0000000, 0x00000000c5300000, 0x00000000eab00000)
  object space 84992K, 84% used [0x00000000c0000000,0x00000000c467fce8,0x00000000c5300000)
 Metaspace       used 6497K, capacity 7320K, committed 7680K, reserved 1056768K
  class space    used 624K, capacity 656K, committed 768K, reserved 1048576K
}
Event: 3.589 GC heap before
{Heap before GC invocations=8 (full 1):
 PSYoungGen      total 279552K, used 28645K [0x00000000eab00000, 0x0000000100000000, 0x0000000100000000)
  eden space 250880K, 0% used [0x00000000eab00000,0x00000000eab00000,0x00000000fa000000)
  from space 28672K, 99% used [0x00000000fa000000,0x00000000fbbf9708,0x00000000fbc00000)
  to   space 48640K, 0% used [0x00000000fd080000,0x00000000fd080000,0x0000000100000000)
 ParOldGen       total 84992K, used 72191K [0x00000000c0000000, 0x00000000c5300000, 0x00000000eab00000)
  object space 84992K, 84% used [0x00000000c0000000,0x00000000c467fce8,0x00000000c5300000)
 Metaspace       used 6497K, capacity 7320K, committed 7680K, reserved 1056768K
  class space    used 624K, capacity 656K, committed 768K, reserved 1048576K
Event: 4.041 GC heap after
Heap after GC invocations=8 (full 1):
 PSYoungGen      total 279552K, used 10666K [0x00000000eab00000, 0x0000000100000000, 0x0000000100000000)
  eden space 250880K, 0% used [0x00000000eab00000,0x00000000eab00000,0x00000000fa000000)
  from space 28672K, 37% used [0x00000000fa000000,0x00000000faa6a9b0,0x00000000fbc00000)
  to   space 48640K, 0% used [0x00000000fd080000,0x00000000fd080000,0x0000000100000000)
 ParOldGen       total 164352K, used 84731K [0x00000000c0000000, 0x00000000ca080000, 0x00000000eab00000)
  object space 164352K, 51% used [0x00000000c0000000,0x00000000c52befa8,0x00000000ca080000)
 Metaspace       used 6497K, capacity 7320K, committed 7680K, reserved 1056768K
  class space    used 624K, capacity 656K, committed 768K, reserved 1048576K
}
Event: 4.653 GC heap before
{Heap before GC invocations=9 (full 1):
 PSYoungGen      total 279552K, used 261546K [0x00000000eab00000, 0x0000000100000000, 0x0000000100000000)
  eden space 250880K, 100% used [0x00000000eab00000,0x00000000fa000000,0x00000000fa000000)
  from space 28672K, 37% used [0x00000000fa000000,0x00000000faa6a9b0,0x00000000fbc00000)
  to   space 48640K, 0% used [0x00000000fd080000,0x00000000fd080000,0x0000000100000000)
 ParOldGen       total 164352K, used 84731K [0x00000000c0000000, 0x00000000ca080000, 0x00000000eab00000)
  object space 164352K, 51% used [0x00000000c0000000,0x00000000c52befa8,0x00000000ca080000)
 Metaspace       used 6529K, capacity 7320K, committed 7680K, reserved 1056768K
  class space    used 624K, capacity 656K, committed 768K, reserved 1048576K
Event: 4.720 GC heap after
Heap after GC invocations=9 (full 1):
 PSYoungGen      total 285184K, used 46382K [0x00000000eab00000, 0x0000000100000000, 0x0000000100000000)
  eden space 236544K, 0% used [0x00000000eab00000,0x00000000eab00000,0x00000000f9200000)
  from space 48640K, 95% used [0x00000000fd080000,0x00000000ffdcb908,0x0000000100000000)
  to   space 56320K, 0% used [0x00000000f9200000,0x00000000f9200000,0x00000000fc900000)
 ParOldGen       total 164352K, used 84771K [0x00000000c0000000, 0x00000000ca080000, 0x00000000eab00000)
  object space 164352K, 51% used [0x00000000c0000000,0x00000000c52c8fa8,0x00000000ca080000)
 Metaspace       used 6529K, capacity 7320K, committed 7680K, reserved 1056768K
  class space    used 624K, capacity 656K, committed 768K, reserved 1048576K
}
Event: 5.235 GC heap before
{Heap before GC invocations=10 (full 1):
 PSYoungGen      total 285184K, used 282926K [0x00000000eab00000, 0x0000000100000000, 0x0000000100000000)
  eden space 236544K, 100% used [0x00000000eab00000,0x00000000f9200000,0x00000000f9200000)
  from space 48640K, 95% used [0x00000000fd080000,0x00000000ffdcb908,0x0000000100000000)
  to   space 56320K, 0% used [0x00000000f9200000,0x00000000f9200000,0x00000000fc900000)
 ParOldGen       total 164352K, used 84771K [0x00000000c0000000, 0x00000000ca080000, 0x00000000eab00000)
  object space 164352K, 51% used [0x00000000c0000000,0x00000000c52c8fa8,0x00000000ca080000)
 Metaspace       used 6538K, capacity 7320K, committed 7680K, reserved 1056768K
  class space    used 624K, capacity 656K, committed 768K, reserved 1048576K
Event: 5.328 GC heap after
Heap after GC invocations=10 (full 1):
 PSYoungGen      total 292864K, used 56296K [0x00000000eab00000, 0x0000000100000000, 0x0000000100000000)
  eden space 236544K, 0% used [0x00000000eab00000,0x00000000eab00000,0x00000000f9200000)
  from space 56320K, 99% used [0x00000000f9200000,0x00000000fc8fa3b0,0x00000000fc900000)
  to   space 56320K, 0% used [0x00000000fc900000,0x00000000fc900000,0x0000000100000000)
 ParOldGen       total 164352K, used 108022K [0x00000000c0000000, 0x00000000ca080000, 0x00000000eab00000)
  object space 164352K, 65% used [0x00000000c0000000,0x00000000c697db70,0x00000000ca080000)
 Metaspace       used 6538K, capacity 7320K, committed 7680K, reserved 1056768K
  class space    used 624K, capacity 656K, committed 768K, reserved 1048576K
}
Event: 5.762 GC heap before
{Heap before GC invocations=11 (full 1):
 PSYoungGen      total 292864K, used 292840K [0x00000000eab00000, 0x0000000100000000, 0x0000000100000000)
  eden space 236544K, 100% used [0x00000000eab00000,0x00000000f9200000,0x00000000f9200000)
  from space 56320K, 99% used [0x00000000f9200000,0x00000000fc8fa3b0,0x00000000fc900000)
  to   space 56320K, 0% used [0x00000000fc900000,0x00000000fc900000,0x0000000100000000)
 ParOldGen       total 164352K, used 108022K [0x00000000c0000000, 0x00000000ca080000, 0x00000000eab00000)
  object space 164352K, 65% used [0x00000000c0000000,0x00000000c697db70,0x00000000ca080000)
 Metaspace       used 6541K, capacity 7320K, committed 7680K, reserved 1056768K
  class space    used 624K, capacity 656K, committed 768K, reserved 1048576K
Event: 5.849 GC heap after
Heap after GC invocations=11 (full 1):
 PSYoungGen      total 219136K, used 56319K [0x00000000eab00000, 0x0000000100000000, 0x0000000100000000)
  eden space 162816K, 0% used [0x00000000eab00000,0x00000000eab00000,0x00000000f4a00000)
  from space 56320K, 99% used [0x00000000fc900000,0x00000000ffffffd8,0x0000000100000000)
  to   space 93184K, 0% used [0x00000000f4a00000,0x00000000f4a00000,0x00000000fa500000)
 ParOldGen       total 164352K, used 142737K [0x00000000c0000000, 0x00000000ca080000, 0x00000000eab00000)
  object space 164352K, 86% used [0x00000000c0000000,0x00000000c8b64408,0x00000000ca080000)
 Metaspace       used 6541K, capacity 7320K, committed 7680K, reserved 1056768K
  class space    used 624K, capacity 656K, committed 768K, reserved 1048576K
}
Event: 5.849 GC heap before
{Heap before GC invocations=12 (full 2):
 PSYoungGen      total 219136K, used 56319K [0x00000000eab00000, 0x0000000100000000, 0x0000000100000000)
  eden space 162816K, 0% used [0x00000000eab00000,0x00000000eab00000,0x00000000f4a00000)
  from space 56320K, 99% used [0x00000000fc900000,0x00000000ffffffd8,0x0000000100000000)
  to   space 93184K, 0% used [0x00000000f4a00000,0x00000000f4a00000,0x00000000fa500000)
 ParOldGen       total 164352K, used 142737K [0x00000000c0000000, 0x00000000ca080000, 0x00000000eab00000)
  object space 164352K, 86% used [0x00000000c0000000,0x00000000c8b64408,0x00000000ca080000)
 Metaspace       used 6541K, capacity 7320K, committed 7680K, reserved 1056768K
  class space    used 624K, capacity 656K, committed 768K, reserved 1048576K

